{"name": "test_case16", "status": "broken", "statusDetails": {"message": "selenium.common.exceptions.TimeoutException: Message: \nStacktrace:\n\tGetHandleVerifier [0x0x7ff79455e795+22117]\n\t(No symbol) [0x0x7ff7944aee10]\n\tGetHandleVerifier [0x0x7ff7947e4c3c+2669324]\n\t(No symbol) [0x0x7ff7942c928b]\n\t(No symbol) [0x0x7ff7942c957b]\n\t(No symbol) [0x0x7ff794309b47]\n\t(No symbol) [0x0x7ff7942ea82f]\n\t(No symbol) [0x0x7ff7942bf68d]\n\t(No symbol) [0x0x7ff79430762f]\n\t(No symbol) [0x0x7ff7942ea553]\n\t(No symbol) [0x0x7ff7942beb86]\n\t(No symbol) [0x0x7ff7942bde11]\n\t(No symbol) [0x0x7ff7942be9b3]\n\t(No symbol) [0x0x7ff7943b907d]\n\t(No symbol) [0x0x7ff7943c5fe8]\n\tGetHandleVerifier [0x0x7ff79463f287+942423]\n\tGetHandleVerifier [0x0x7ff794648231+979201]\n\t(No symbol) [0x0x7ff7944bc3c1]\n\t(No symbol) [0x0x7ff7944b4d74]\n\t(No symbol) [0x0x7ff7944b4ec3]\n\t(No symbol) [0x0x7ff7944a7026]\n\tBaseThreadInitThunk [0x0x7ffe2d077374+20]\n\tRtlUserThreadStart [0x0x7ffe2e81cc91+33]", "trace": "self = <test_case16.Test16 object at 0x000001E4C6D020D0>\n\n>   ???\n\nC:\\product testing-embedded\\project\\Zero Banking Project\\tests\\test_case16.py:12: \n_ _ _ _ _ _ _ _ _ _ _ _ _ _ _ _ _ _ _ _ _ _ _ _ _ _ _ _ _ _ _ _ _ _ _ _ _ _ _ _ _ _ _ _ _ _ _ _ _ _ _ _ _ _ _ _ _ _ _ _ _ _ _ _ _ _ _ _ _ _\npages\\verify_session_expiry.py:23: in logout\n    self.click_operation(self.LOGIN_LOCATOR)\nbase\\base_page.py:29: in click_operation\n    element = self.wait.until(EC.element_to_be_clickable(locator))\n              ^^^^^^^^^^^^^^^^^^^^^^^^^^^^^^^^^^^^^^^^^^^^^^^^^^^^\n_ _ _ _ _ _ _ _ _ _ _ _ _ _ _ _ _ _ _ _ _ _ _ _ _ _ _ _ _ _ _ _ _ _ _ _ _ _ _ _ _ _ _ _ _ _ _ _ _ _ _ _ _ _ _ _ _ _ _ _ _ _ _ _ _ _ _ _ _ _\n\nself = <selenium.webdriver.support.wait.WebDriverWait (session=\"158de1a7c90e70fc5fa9eebc8123ee49\")>\nmethod = <function element_to_be_clickable.<locals>._predicate at 0x000001E4C39899E0>, message = ''\n\n    def until(self, method: Callable[[D], Union[Literal[False], T]], message: str = \"\") -> T:\n        \"\"\"Wait until the method returns a value that is not False.\n    \n        Calls the method provided with the driver as an argument until the\n        return value does not evaluate to ``False``.\n    \n        Parameters:\n        -----------\n        method: callable(WebDriver)\n            - A callable object that takes a WebDriver instance as an argument.\n    \n        message: str\n            - Optional message for :exc:`TimeoutException`\n    \n        Return:\n        -------\n        object: T\n            - The result of the last call to `method`\n    \n        Raises:\n        -------\n        TimeoutException\n            - If 'method' does not return a truthy value within the WebDriverWait\n            object's timeout\n    \n        Example:\n        --------\n        >>> from selenium.webdriver.common.by import By\n        >>> from selenium.webdriver.support.ui import WebDriverWait\n        >>> from selenium.webdriver.support import expected_conditions as EC\n    \n        # Wait until an element is visible on the page\n        >>> wait = WebDriverWait(driver, 10)\n        >>> element = wait.until(EC.visibility_of_element_located((By.ID, \"exampleId\")))\n        >>> print(element.text)\n        \"\"\"\n        screen = None\n        stacktrace = None\n    \n        end_time = time.monotonic() + self._timeout\n        while True:\n            try:\n                value = method(self._driver)\n                if value:\n                    return value\n            except self._ignored_exceptions as exc:\n                screen = getattr(exc, \"screen\", None)\n                stacktrace = getattr(exc, \"stacktrace\", None)\n            if time.monotonic() > end_time:\n                break\n            time.sleep(self._poll)\n>       raise TimeoutException(message, screen, stacktrace)\nE       selenium.common.exceptions.TimeoutException: Message: \nE       Stacktrace:\nE       \tGetHandleVerifier [0x0x7ff79455e795+22117]\nE       \t(No symbol) [0x0x7ff7944aee10]\nE       \tGetHandleVerifier [0x0x7ff7947e4c3c+2669324]\nE       \t(No symbol) [0x0x7ff7942c928b]\nE       \t(No symbol) [0x0x7ff7942c957b]\nE       \t(No symbol) [0x0x7ff794309b47]\nE       \t(No symbol) [0x0x7ff7942ea82f]\nE       \t(No symbol) [0x0x7ff7942bf68d]\nE       \t(No symbol) [0x0x7ff79430762f]\nE       \t(No symbol) [0x0x7ff7942ea553]\nE       \t(No symbol) [0x0x7ff7942beb86]\nE       \t(No symbol) [0x0x7ff7942bde11]\nE       \t(No symbol) [0x0x7ff7942be9b3]\nE       \t(No symbol) [0x0x7ff7943b907d]\nE       \t(No symbol) [0x0x7ff7943c5fe8]\nE       \tGetHandleVerifier [0x0x7ff79463f287+942423]\nE       \tGetHandleVerifier [0x0x7ff794648231+979201]\nE       \t(No symbol) [0x0x7ff7944bc3c1]\nE       \t(No symbol) [0x0x7ff7944b4d74]\nE       \t(No symbol) [0x0x7ff7944b4ec3]\nE       \t(No symbol) [0x0x7ff7944a7026]\nE       \tBaseThreadInitThunk [0x0x7ffe2d077374+20]\nE       \tRtlUserThreadStart [0x0x7ffe2e81cc91+33]\n\nC:\\Users\\DELL\\AppData\\Roaming\\Python\\Python313\\site-packages\\selenium\\webdriver\\support\\wait.py:138: TimeoutException"}, "attachments": [{"name": "stdout", "source": "0a9e8706-7aa4-4e7a-a0c7-6241f0ca9b54-attachment.txt", "type": "text/plain"}], "start": 1756873620604, "stop": 1756873634986, "uuid": "69b990bf-1281-4683-bc68-bf71467b583f", "historyId": "326f21b95af4c43f9ce537b1c6ab4383", "testCaseId": "326f21b95af4c43f9ce537b1c6ab4383", "fullName": "tests.test_case16.Test16#test_case16", "labels": [{"name": "parentSuite", "value": "tests"}, {"name": "suite", "value": "test_case16"}, {"name": "subSuite", "value": "Test16"}, {"name": "host", "value": "DESKTOP-AGKRQEG"}, {"name": "thread", "value": "27640-MainThread"}, {"name": "framework", "value": "pytest"}, {"name": "language", "value": "cpython3"}, {"name": "package", "value": "tests.test_case16"}], "titlePath": ["tests", "test_case16.py", "Test16"]}